<?xml version="1.0" encoding="UTF-8"?>
<!-- Generated by org.testng.reporters.JUnitReportReporter -->
<testsuite hostname="Jukki-" name="com.example.tests.AlsoTestCreateGroup" tests="1" failures="0" timestamp="11 Jul 2015 11:24:12 GMT" time="2.870" errors="0">
  <testcase name="testEmptyGroupCreation" time="2.870" classname="com.example.tests.AlsoTestCreateGroup"/>
</testsuite> <!-- com.example.tests.AlsoTestCreateGroup -->
