<?xml version="1.0" encoding="UTF-8"?>
<!-- Generated by org.testng.reporters.JUnitReportReporter -->
<testsuite hostname="Jukki-" name="com.example.tests.TestCreateGroup" tests="1" failures="0" timestamp="28 Jun 2015 13:45:42 GMT" time="2.509" errors="0">
  <testcase name="testNonEmptyGroupCreation" time="2.509" classname="com.example.tests.TestCreateGroup"/>
</testsuite> <!-- com.example.tests.TestCreateGroup -->
