<?xml version="1.0" encoding="UTF-8"?>
<!-- Generated by org.testng.reporters.JUnitReportReporter -->
<testsuite hostname="Jukki-" name="com.example.tests.ContactCreationTest" tests="3" failures="0" timestamp="1 Aug 2015 08:03:45 GMT" time="31.649" errors="0">
  <testcase name="testAddUser" time="13.279" classname="com.example.tests.ContactCreationTest"/>
  <testcase name="testAddUser" time="9.438" classname="com.example.tests.ContactCreationTest"/>
  <testcase name="testAddUser" time="8.932" classname="com.example.tests.ContactCreationTest"/>
</testsuite> <!-- com.example.tests.ContactCreationTest -->
