<?xml version="1.0" encoding="UTF-8"?>
<!-- Generated by org.testng.reporters.JUnitReportReporter -->
<testsuite hostname="Jukki-" name="com.example.tests.AlsoTestCreateGroup" tests="1" failures="0" timestamp="28 Jun 2015 13:45:42 GMT" time="2.392" errors="0">
  <testcase name="testEmptyGroupCreation" time="2.392" classname="com.example.tests.AlsoTestCreateGroup"/>
</testsuite> <!-- com.example.tests.AlsoTestCreateGroup -->
