<?xml version="1.0" encoding="UTF-8"?>
<!-- Generated by org.testng.reporters.JUnitReportReporter -->
<testsuite hostname="Jukki-" name="com.example.tests.ContactModificationTests" tests="3" failures="0" timestamp="23 Jul 2015 17:21:50 GMT" time="107.955" errors="0">
  <testcase name="modifySomeContact" time="35.527" classname="com.example.tests.ContactModificationTests"/>
  <testcase name="modifySomeContact" time="35.517" classname="com.example.tests.ContactModificationTests"/>
  <testcase name="modifySomeContact" time="36.911" classname="com.example.tests.ContactModificationTests"/>
</testsuite> <!-- com.example.tests.ContactModificationTests -->
