<?xml version="1.0" encoding="UTF-8"?>
<!-- Generated by org.testng.reporters.JUnitReportReporter -->
<testsuite hostname="Jukki-" name="com.example.tests.TestCreateUser" tests="1" failures="0" timestamp="28 Jun 2015 13:45:42 GMT" time="5.678" errors="0">
  <testcase name="testAddUser" time="5.678" classname="com.example.tests.TestCreateUser"/>
</testsuite> <!-- com.example.tests.TestCreateUser -->
