<?xml version="1.0" encoding="UTF-8"?>
<!-- Generated by org.testng.reporters.JUnitReportReporter -->
<testsuite hostname="Jukki-" name="com.example.tests.TestCreateGroup" tests="5" failures="0" timestamp="16 Jul 2015 05:17:31 GMT" time="47.241" errors="0">
  <testcase name="testGroupСreationWithValidData" time="9.191" classname="com.example.tests.TestCreateGroup"/>
  <testcase name="testGroupСreationWithValidData" time="9.351" classname="com.example.tests.TestCreateGroup"/>
  <testcase name="testGroupСreationWithValidData" time="9.446" classname="com.example.tests.TestCreateGroup"/>
  <testcase name="testGroupСreationWithValidData" time="8.992" classname="com.example.tests.TestCreateGroup"/>
  <testcase name="testGroupСreationWithValidData" time="10.261" classname="com.example.tests.TestCreateGroup"/>
</testsuite> <!-- com.example.tests.TestCreateGroup -->
