<?xml version="1.0" encoding="UTF-8"?>
<!-- Generated by org.testng.reporters.JUnitReportReporter -->
<testsuite hostname="Jukki-" name="com.example.tests.TestCreateUser" tests="3" failures="0" timestamp="23 Jul 2015 02:26:46 GMT" time="24.249" errors="0">
  <testcase name="testAddUser" time="4.469" classname="com.example.tests.TestCreateUser"/>
  <testcase name="testAddUser" time="15.381" classname="com.example.tests.TestCreateUser"/>
  <testcase name="testAddUser" time="4.399" classname="com.example.tests.TestCreateUser"/>
</testsuite> <!-- com.example.tests.TestCreateUser -->
