<?xml version="1.0" encoding="UTF-8"?>
<!-- Generated by org.testng.reporters.JUnitReportReporter -->
<testsuite hostname="Jukki-" name="com.example.tests.TestCreateGroup" tests="1" failures="0" timestamp="5 Jul 2015 17:18:53 GMT" time="3.691" errors="0">
  <testcase name="testNonEmptyGroupCreation" time="3.691" classname="com.example.tests.TestCreateGroup"/>
</testsuite> <!-- com.example.tests.TestCreateGroup -->
