<?xml version="1.0" encoding="UTF-8"?>
<!-- Generated by org.testng.reporters.JUnitReportReporter -->
<testsuite hostname="Jukki-" name="com.example.tests.TestCreateUser" tests="1" failures="0" timestamp="5 Jul 2015 17:18:53 GMT" time="6.157" errors="0">
  <testcase name="testAddUser" time="6.157" classname="com.example.tests.TestCreateUser"/>
</testsuite> <!-- com.example.tests.TestCreateUser -->
