<?xml version="1.0" encoding="UTF-8"?>
<!-- Generated by org.testng.reporters.JUnitReportReporter -->
<testsuite hostname="Jukki-" name="com.example.tests.GroupRemovalTests" tests="1" failures="0" timestamp="22 Jul 2015 05:08:45 GMT" time="40.981" errors="0">
  <testcase name="deleteSomeGroup" time="40.981" classname="com.example.tests.GroupRemovalTests"/>
</testsuite> <!-- com.example.tests.GroupRemovalTests -->
