<?xml version="1.0" encoding="UTF-8"?>
<!-- Generated by org.testng.reporters.JUnitReportReporter -->
<testsuite hostname="Jukki-" name="com.example.tests.GroupCreationTest" tests="3" failures="0" timestamp="29 Jul 2015 19:21:01 GMT" time="516.125" errors="0">
  <testcase name="testGroupСreationWithValidData" time="156.381" classname="com.example.tests.GroupCreationTest"/>
  <testcase name="testGroupСreationWithValidData" time="142.555" classname="com.example.tests.GroupCreationTest"/>
  <testcase name="testGroupСreationWithValidData" time="217.189" classname="com.example.tests.GroupCreationTest"/>
</testsuite> <!-- com.example.tests.GroupCreationTest -->
