<?xml version="1.0" encoding="UTF-8"?>
<!-- Generated by org.testng.reporters.JUnitReportReporter -->
<testsuite hostname="Jukki-" name="com.example.tests.ContactModificationTests" tests="1" failures="0" timestamp="9 Jul 2015 20:50:22 GMT" time="2.166" errors="0">
  <testcase name="deleteSomeContact" time="2.166" classname="com.example.tests.ContactModificationTests"/>
</testsuite> <!-- com.example.tests.ContactModificationTests -->
