<?xml version="1.0" encoding="UTF-8"?>
<!-- Generated by org.testng.reporters.JUnitReportReporter -->
<testsuite hostname="Jukki-" name="com.example.tests.ContactEditTests" tests="1" failures="0" timestamp="8 Jul 2015 10:25:46 GMT" time="1.799" errors="0">
  <testcase name="deleteSomeContact" time="1.799" classname="com.example.tests.ContactEditTests"/>
</testsuite> <!-- com.example.tests.ContactEditTests -->
