<?xml version="1.0" encoding="UTF-8"?>
<!-- Generated by org.testng.reporters.JUnitReportReporter -->
<testsuite hostname="Jukki-" name="com.example.tests.AlsoTestCreateUser" tests="1" failures="0" timestamp="28 Jun 2015 13:45:42 GMT" time="5.275" errors="0">
  <testcase name="testAddUser" time="5.275" classname="com.example.tests.AlsoTestCreateUser"/>
</testsuite> <!-- com.example.tests.AlsoTestCreateUser -->
