<?xml version="1.0" encoding="UTF-8"?>
<!-- Generated by org.testng.reporters.JUnitReportReporter -->
<testsuite hostname="Jukki-" name="com.example.tests.GroupModificationTests" tests="1" failures="0" timestamp="9 Jul 2015 20:58:36 GMT" time="3.093" errors="0">
  <testcase name="modifySomeGroup" time="3.093" classname="com.example.tests.GroupModificationTests"/>
</testsuite> <!-- com.example.tests.GroupModificationTests -->
