<?xml version="1.0" encoding="UTF-8"?>
<!-- Generated by org.testng.reporters.JUnitReportReporter -->
<testsuite hostname="Jukki-" name="com.example.tests.AlsoTestCreateGroup" tests="2" failures="0" timestamp="25 Jun 2015 00:23:25 GMT" time="5.802" errors="0">
  <testcase name="testEmptyGroupCreation" time="2.670" classname="com.example.tests.AlsoTestCreateGroup"/>
  <testcase name="testNonEmptyGroupCreation" time="3.132" classname="com.example.tests.AlsoTestCreateGroup"/>
</testsuite> <!-- com.example.tests.AlsoTestCreateGroup -->
