<?xml version="1.0" encoding="UTF-8"?>
<!-- Generated by org.testng.reporters.JUnitReportReporter -->
<testsuite hostname="Jukki-" name="com.example.tests.AlsoTestCreateGroup" tests="1" failures="0" timestamp="5 Jul 2015 16:23:15 GMT" time="2.939" errors="0">
  <testcase name="testEmptyGroupCreation" time="2.939" classname="com.example.tests.AlsoTestCreateGroup"/>
</testsuite> <!-- com.example.tests.AlsoTestCreateGroup -->
