<?xml version="1.0" encoding="UTF-8"?>
<!-- Generated by org.testng.reporters.JUnitReportReporter -->
<testsuite hostname="Jukki-" name="com.example.tests.AlsoTestCreateUser" tests="1" failures="0" timestamp="5 Jul 2015 17:18:53 GMT" time="6.013" errors="0">
  <testcase name="testAddUser" time="6.013" classname="com.example.tests.AlsoTestCreateUser"/>
</testsuite> <!-- com.example.tests.AlsoTestCreateUser -->
