<?xml version="1.0" encoding="UTF-8"?>
<!-- Generated by org.testng.reporters.JUnitReportReporter -->
<testsuite hostname="Jukki-" name="com.example.tests.GroupCreationTest" tests="3" failures="0" timestamp="23 Jul 2015 02:12:29 GMT" time="58.147" errors="0">
  <testcase name="testGroupСreationWithValidData" time="7.361" classname="com.example.tests.GroupCreationTest"/>
  <testcase name="testGroupСreationWithValidData" time="7.982" classname="com.example.tests.GroupCreationTest"/>
  <testcase name="testGroupСreationWithValidData" time="42.804" classname="com.example.tests.GroupCreationTest"/>
</testsuite> <!-- com.example.tests.GroupCreationTest -->
