<?xml version="1.0" encoding="UTF-8"?>
<!-- Generated by org.testng.reporters.JUnitReportReporter -->
<testsuite hostname="Jukki-" name="com.example.tests.GroupRemovalTests" tests="1" failures="0" timestamp="9 Jul 2015 20:50:22 GMT" time="4.277" errors="0">
  <testcase name="deleteSomeGroup" time="4.277" classname="com.example.tests.GroupRemovalTests"/>
</testsuite> <!-- com.example.tests.GroupRemovalTests -->
