<?xml version="1.0" encoding="UTF-8"?>
<!-- Generated by org.testng.reporters.JUnitReportReporter -->
<testsuite hostname="Jukki-" name="com.example.tests.AlsoTestCreateGroup" tests="1" failures="0" timestamp="5 Jul 2015 17:18:53 GMT" time="3.233" errors="0">
  <testcase name="testEmptyGroupCreation" time="3.233" classname="com.example.tests.AlsoTestCreateGroup"/>
</testsuite> <!-- com.example.tests.AlsoTestCreateGroup -->
