<?xml version="1.0" encoding="UTF-8"?>
<!-- Generated by org.testng.reporters.JUnitReportReporter -->
<testsuite hostname="Jukki-" name="com.example.tests.AlsoTestCreateUser" tests="1" failures="0" timestamp="11 Jul 2015 11:24:12 GMT" time="5.844" errors="0">
  <testcase name="testAddUser" time="5.844" classname="com.example.tests.AlsoTestCreateUser"/>
</testsuite> <!-- com.example.tests.AlsoTestCreateUser -->
