<?xml version="1.0" encoding="UTF-8"?>
<!-- Generated by org.testng.reporters.JUnitReportReporter -->
<testsuite hostname="Jukki-" name="com.example.tests.ContactRemovalTests" tests="1" failures="0" timestamp="23 Jul 2015 02:44:10 GMT" time="12.305" errors="0">
  <testcase name="deleteSomeContact" time="12.305" classname="com.example.tests.ContactRemovalTests"/>
</testsuite> <!-- com.example.tests.ContactRemovalTests -->
