<?xml version="1.0" encoding="UTF-8"?>
<!-- Generated by org.testng.reporters.JUnitReportReporter -->
<testsuite hostname="Jukki-" name="com.example.tests.GroupModificationTests" tests="3" failures="0" timestamp="22 Jul 2015 05:04:28 GMT" time="57.428" errors="0">
  <testcase name="modifySomeGroup" time="7.252" classname="com.example.tests.GroupModificationTests"/>
  <testcase name="modifySomeGroup" time="7.282" classname="com.example.tests.GroupModificationTests"/>
  <testcase name="modifySomeGroup" time="42.894" classname="com.example.tests.GroupModificationTests"/>
</testsuite> <!-- com.example.tests.GroupModificationTests -->
